app/build/outputs/logs/manifest-merger-debug-report.txt
-- Merging decision tree log ---
manifest
ADDED from src\main\AndroidManifest.xml:2:1-82:12
	package
		ADDED from src\main\AndroidManifest.xml:3:7-41
		INJECTED from src\main\AndroidManifest.xml
		INJECTED from src\main\AndroidManifest.xml
	android:versionName
		ADDED from src\main\AndroidManifest.xml:4:7-32
		INJECTED from src\main\AndroidManifest.xml
		INJECTED from src\main\AndroidManifest.xml
	android:versionCode
		ADDED from src\main\AndroidManifest.xml:5:7-30
		INJECTED from src\main\AndroidManifest.xml
		INJECTED from src\main\AndroidManifest.xml
	xmlns:android
		ADDED from src\main\AndroidManifest.xml:2:11-69
uses-sdk
ADDED from src\main\AndroidManifest.xml:7:2-70
MERGED from [com.android.support:support-v4:21.0.3] AndroidManifest.xml:15:5-42
MERGED from [com.actionbarsherlock:actionbarsherlock:4.4.0] AndroidManifest.xml:3:3-70
MERGED from [com.jeremyfeinstein.slidingmenu:library:1.3] AndroidManifest.xml:4:5-72
	android:targetSdkVersion
		ADDED from src\main\AndroidManifest.xml:7:38-67
		INJECTED from src\main\AndroidManifest.xml
		INJECTED from src\main\AndroidManifest.xml
	android:minSdkVersion
		ADDED from src\main\AndroidManifest.xml:7:12-37
		INJECTED from src\main\AndroidManifest.xml
		INJECTED from src\main\AndroidManifest.xml
uses-permission#android.permission.INTERNET
ADDED from src\main\AndroidManifest.xml:8:2-64
	android:name
		ADDED from src\main\AndroidManifest.xml:8:19-61
uses-permission#android.permission.ACCESS_NETWORK_STATE
ADDED from src\main\AndroidManifest.xml:9:5-79
	android:name
		ADDED from src\main\AndroidManifest.xml:9:22-76
uses-permission#android.permission.ACCESS_WIFI_STATE
ADDED from src\main\AndroidManifest.xml:10:5-75
	android:name
		ADDED from src\main\AndroidManifest.xml:10:22-73
uses-permission#android.permission.AUTHENTICATE_ACCOUNTS
ADDED from src\main\AndroidManifest.xml:11:5-79
	android:name
		ADDED from src\main\AndroidManifest.xml:11:22-77
uses-permission#android.permission.USE_CREDENTIALS
ADDED from src\main\AndroidManifest.xml:12:5-73
	android:name
		ADDED from src\main\AndroidManifest.xml:12:22-71
uses-permission#android.permission.GET_ACCOUNTS
ADDED from src\main\AndroidManifest.xml:13:5-70
	android:name
		ADDED from src\main\AndroidManifest.xml:13:22-68
uses-permission#android.permission.MANAGE_ACCOUNTS
ADDED from src\main\AndroidManifest.xml:14:5-73
	android:name
		ADDED from src\main\AndroidManifest.xml:14:22-71
supports-screens
ADDED from src\main\AndroidManifest.xml:16:5-21:48
	android:largeScreens
		ADDED from src\main\AndroidManifest.xml:19:21-48
	android:smallScreens
		ADDED from src\main\AndroidManifest.xml:17:21-48
	android:normalScreens
		ADDED from src\main\AndroidManifest.xml:18:21-49
	android:xlargeScreens
		ADDED from src\main\AndroidManifest.xml:20:21-49
	android:resizeable
		ADDED from src\main\AndroidManifest.xml:16:23-48
	android:anyDensity
		ADDED from src\main\AndroidManifest.xml:21:21-46
application
ADDED from src\main\AndroidManifest.xml:22:5-81:19
MERGED from [com.android.support:support-v4:21.0.3] AndroidManifest.xml:16:5-19
MERGED from [com.actionbarsherlock:actionbarsherlock:4.4.0] AndroidManifest.xml:4:3-17
	android:label
		ADDED from src\main\AndroidManifest.xml:24:9-41
	android:supportsRtl
		ADDED from src\main\AndroidManifest.xml:26:9-35
	android:allowBackup
		ADDED from src\main\AndroidManifest.xml:25:9-35
	android:icon
		ADDED from src\main\AndroidManifest.xml:23:9-48
activity#org.qaoverflow.q2android.Q2Android
ADDED from src\main\AndroidManifest.xml:28:9-45:20
	android:screenOrientation
		ADDED from src\main\AndroidManifest.xml:34:13-49
	android:label
		ADDED from src\main\AndroidManifest.xml:28:19-51
	android:launchMode
		ADDED from src\main\AndroidManifest.xml:35:5-36
	android:windowSoftInputMode
		ADDED from src\main\AndroidManifest.xml:33:5-49
	android:configChanges
		ADDED from src\main\AndroidManifest.xml:32:5-66
	android:theme
		ADDED from src\main\AndroidManifest.xml:30:4-37
	android:logo
		ADDED from src\main\AndroidManifest.xml:31:5-44
	android:name
		ADDED from src\main\AndroidManifest.xml:29:4-53
intent-filter#android.intent.action.SEND+android.intent.category.DEFAULT
ADDED from src\main\AndroidManifest.xml:36:7-40:23
action#android.intent.action.SEND
ADDED from src\main\AndroidManifest.xml:37:11-63
	android:name
		ADDED from src\main\AndroidManifest.xml:37:19-60
category#android.intent.category.DEFAULT
ADDED from src\main\AndroidManifest.xml:38:11-70
	android:name
		ADDED from src\main\AndroidManifest.xml:38:21-67
data
ADDED from src\main\AndroidManifest.xml:39:11-49
	android:mimeType
		ADDED from src\main\AndroidManifest.xml:39:17-46
intent-filter#android.intent.action.MAIN+android.intent.category.LAUNCHER
ADDED from src\main\AndroidManifest.xml:41:13-44:29
action#android.intent.action.MAIN
ADDED from src\main\AndroidManifest.xml:42:17-69
	android:name
		ADDED from src\main\AndroidManifest.xml:42:25-66
category#android.intent.category.LAUNCHER
ADDED from src\main\AndroidManifest.xml:43:17-77
	android:name
		ADDED from src\main\AndroidManifest.xml:43:27-74
activity#org.qaoverflow.q2android.Q2ASettingsActivity
ADDED from src\main\AndroidManifest.xml:46:9-52:15
	android:screenOrientation
		ADDED from src\main\AndroidManifest.xml:50:13-49
	android:label
		ADDED from src\main\AndroidManifest.xml:46:19-37
	android:configChanges
		ADDED from src\main\AndroidManifest.xml:49:4-65
	android:theme
		ADDED from src\main\AndroidManifest.xml:48:5-38
	android:logo
		ADDED from src\main\AndroidManifest.xml:51:7-46
	android:name
		ADDED from src\main\AndroidManifest.xml:47:13-72
activity#org.qaoverflow.q2android.Q2AHelpActivity
ADDED from src\main\AndroidManifest.xml:53:9-58:15
	android:screenOrientation
		ADDED from src\main\AndroidManifest.xml:56:13-49
	android:label
		ADDED from src\main\AndroidManifest.xml:53:19-37
	android:theme
		ADDED from src\main\AndroidManifest.xml:55:5-38
	android:logo
		ADDED from src\main\AndroidManifest.xml:57:7-46
	android:name
		ADDED from src\main\AndroidManifest.xml:54:13-68
activity#org.qaoverflow.q2android.Q2AUserActivity
ADDED from src\main\AndroidManifest.xml:59:9-63:15
	android:screenOrientation
		ADDED from src\main\AndroidManifest.xml:61:13-49
	android:theme
		ADDED from src\main\AndroidManifest.xml:62:5-45
	android:name
		ADDED from src\main\AndroidManifest.xml:60:13-68
activity#org.qaoverflow.q2android.Q2ALoginActivity
ADDED from src\main\AndroidManifest.xml:64:9-68:15
	android:screenOrientation
		ADDED from src\main\AndroidManifest.xml:66:13-49
	android:theme
		ADDED from src\main\AndroidManifest.xml:67:5-45
	android:name
		ADDED from src\main\AndroidManifest.xml:65:13-69
activity#org.qaoverflow.q2android.authentication.AuthenticatorActivity
ADDED from src\main\AndroidManifest.xml:69:9-72:47
	android:screenOrientation
		ADDED from src\main\AndroidManifest.xml:71:13-49
	android:label
		ADDED from src\main\AndroidManifest.xml:72:13-45
	android:theme
		ADDED from src\main\AndroidManifest.xml:70:5-38
	android:name
		ADDED from src\main\AndroidManifest.xml:69:19-95
service#org.qaoverflow.q2android.authentication.Q2AuthenticatorService
ADDED from src\main\AndroidManifest.xml:73:9-80:19
	android:exported
		ADDED from src\main\AndroidManifest.xml:74:13-37
	android:name
		ADDED from src\main\AndroidManifest.xml:73:18-95
intent-filter#android.accounts.AccountAuthenticator
ADDED from src\main\AndroidManifest.xml:75:13-77:29
action#android.accounts.AccountAuthenticator
ADDED from src\main\AndroidManifest.xml:76:17-80
	android:name
		ADDED from src\main\AndroidManifest.xml:76:25-77
meta-data#android.accounts.AccountAuthenticator
ADDED from src\main\AndroidManifest.xml:78:13-79:64
	android:resource
		ADDED from src\main\AndroidManifest.xml:79:24-61
	android:name
		ADDED from src\main\AndroidManifest.xml:78:24-76